Performing system checks...

System check identified no issues (0 silenced).
April 04, 2026 - 09:04:17
Django version 5.1.15, using settings 'config.settings'
Starting development server at http://127.0.0.1:8000/
Quit the server with CTRL-BREAK.

Performing system checks...

System check identified no issues (0 silenced).
April 04, 2026 - 09:50:46
Django version 5.1.15, using settings 'config.settings'
Starting development server at http://127.0.0.1:8000/
Quit the server with CTRL-BREAK.

Performing system checks...

System check identified no issues (0 silenced).
April 04, 2026 - 09:51:04
Django version 5.1.15, using settings 'config.settings'
Starting development server at http://127.0.0.1:8000/
Quit the server with CTRL-BREAK.

Performing system checks...

System check identified no issues (0 silenced).
April 04, 2026 - 09:51:25
Django version 5.1.15, using settings 'config.settings'
Starting development server at http://127.0.0.1:8000/
Quit the server with CTRL-BREAK.

Performing system checks...

System check identified no issues (0 silenced).
April 04, 2026 - 09:52:05
Django version 5.1.15, using settings 'config.settings'
Starting development server at http://127.0.0.1:8000/
Quit the server with CTRL-BREAK.

Performing system checks...

System check identified no issues (0 silenced).
April 04, 2026 - 09:52:33
Django version 5.1.15, using settings 'config.settings'
Starting development server at http://127.0.0.1:8000/
Quit the server with CTRL-BREAK.

Performing system checks...

System check identified no issues (0 silenced).
April 04, 2026 - 09:52:55
Django version 5.1.15, using settings 'config.settings'
Starting development server at http://127.0.0.1:8000/
Quit the server with CTRL-BREAK.

Performing system checks...

System check identified no issues (0 silenced).
April 04, 2026 - 09:53:07
Django version 5.1.15, using settings 'config.settings'
Starting development server at http://127.0.0.1:8000/
Quit the server with CTRL-BREAK.

Performing system checks...

System check identified no issues (0 silenced).
April 04, 2026 - 09:54:47
Django version 5.1.15, using settings 'config.settings'
Starting development server at http://127.0.0.1:8000/
Quit the server with CTRL-BREAK.

Performing system checks...

System check identified no issues (0 silenced).
April 04, 2026 - 09:59:19
Django version 5.1.15, using settings 'config.settings'
Starting development server at http://127.0.0.1:8000/
Quit the server with CTRL-BREAK.

Performing system checks...

System check identified no issues (0 silenced).
April 04, 2026 - 09:59:32
Django version 5.1.15, using settings 'config.settings'
Starting development server at http://127.0.0.1:8000/
Quit the server with CTRL-BREAK.

Performing system checks...

System check identified no issues (0 silenced).
April 04, 2026 - 09:59:53
Django version 5.1.15, using settings 'config.settings'
Starting development server at http://127.0.0.1:8000/
Quit the server with CTRL-BREAK.

Performing system checks...

System check identified no issues (0 silenced).
April 04, 2026 - 10:00:03
Django version 5.1.15, using settings 'config.settings'
Starting development server at http://127.0.0.1:8000/
Quit the server with CTRL-BREAK.

